Base path: /Applications/Unity/Unity.app/Contents
Cmd: initializeCompiler
Cmd: translateComputeKernel
  api=14 insize=1469 outsize=1585 ok=1
Cmd: compileComputeKernel
  api=14 insize=7330 outsize=10537 ok=1
Cmd: compileComputeKernel
  api=14 insize=5004 outsize=10953 ok=1
Cmd: translateComputeKernel
  api=14 insize=5397 outsize=7573 ok=1
Cmd: compileComputeKernel
  api=14 insize=9166 outsize=9705 ok=1
Cmd: compileComputeKernel
  api=14 insize=9166 outsize=9937 ok=1
Cmd: translateComputeKernel
  api=14 insize=9381 outsize=16149 ok=1
Cmd: compileComputeKernel
  api=14 insize=1470 outsize=1053 ok=1
Cmd: translateComputeKernel
  api=14 insize=2001 outsize=3541 ok=1
Cmd: translateComputeKernel
  api=14 insize=1485 outsize=2257 ok=1
Cmd: compileComputeKernel
  api=14 insize=16784 outsize=6473 ok=1
Cmd: compileComputeKernel
  api=14 insize=16784 outsize=7557 ok=1
Cmd: compileComputeKernel
  api=14 insize=16784 outsize=7385 ok=1
Cmd: compileComputeKernel
  api=14 insize=16784 outsize=7265 ok=1
Cmd: compileComputeKernel
  api=14 insize=16784 outsize=8777 ok=1
Cmd: compileComputeKernel
  api=14 insize=16784 outsize=10437 ok=1
Cmd: compileComputeKernel
  api=14 insize=16784 outsize=10317 ok=1
Cmd: compileComputeKernel
  api=14 insize=16784 outsize=7229 ok=1
Cmd: compileComputeKernel
  api=14 insize=16784 outsize=8237 ok=1
Cmd: compileComputeKernel
  api=14 insize=16784 outsize=7445 ok=1
Cmd: compileComputeKernel
  api=14 insize=16784 outsize=8141 ok=1
Cmd: compileComputeKernel
  api=14 insize=16784 outsize=9533 ok=1
Cmd: compileComputeKernel
  api=14 insize=16784 outsize=9721 ok=1
Cmd: compileComputeKernel
  api=14 insize=16784 outsize=11689 ok=1
Cmd: compileComputeKernel
  api=14 insize=16784 outsize=10805 ok=1
Cmd: compileComputeKernel
  api=14 insize=16784 outsize=12465 ok=1
Cmd: translateComputeKernel
  api=14 insize=5469 outsize=9609 ok=1
Cmd: translateComputeKernel
  api=14 insize=6861 outsize=12461 ok=1
Cmd: translateComputeKernel
  api=14 insize=6033 outsize=10353 ok=1
Cmd: translateComputeKernel
  api=14 insize=7425 outsize=13205 ok=1
Cmd: translateComputeKernel
  api=14 insize=7301 outsize=12881 ok=1
Cmd: translateComputeKernel
  api=14 insize=9269 outsize=16937 ok=1
Cmd: translateComputeKernel
  api=14 insize=7897 outsize=14625 ok=1
Cmd: translateComputeKernel
  api=14 insize=9865 outsize=18689 ok=1
Cmd: translateComputeKernel
  api=14 insize=6921 outsize=12757 ok=1
Cmd: translateComputeKernel
  api=14 insize=7617 outsize=14193 ok=1
Cmd: translateComputeKernel
  api=14 insize=9009 outsize=17033 ok=1
Cmd: translateComputeKernel
  api=14 insize=8565 outsize=15781 ok=1
Cmd: translateComputeKernel
  api=14 insize=9649 outsize=17797 ok=1
Cmd: translateComputeKernel
  api=14 insize=10285 outsize=19305 ok=1
Cmd: translateComputeKernel
  api=14 insize=11945 outsize=22421 ok=1
Cmd: translateComputeKernel
  api=14 insize=10353 outsize=20137 ok=1
Cmd: translateComputeKernel
  api=14 insize=12321 outsize=24153 ok=1
Cmd: initializeCompiler
Cmd: initializeCompiler
Unhandled exception: Protocol error - unexpected end of data (did the Editor crash?)

Quitting shader compiler process
